<?xml version="1.0" encoding="UTF-8"?>
<testsuite xmlns:xsi="http://www.w3.org/2001/XMLSchema-instance" xsi:noNamespaceSchemaLocation="https://maven.apache.org/surefire/maven-surefire-plugin/xsd/surefire-test-report.xsd" name="edu.upf.TwitterFilterTest" time="0.042" tests="1" errors="0" skipped="0" failures="0">
  <properties>
    <property name="java.specification.version" value="21"/>
    <property name="sun.jnu.encoding" value="UTF-8"/>
    <property name="java.class.path" value="/Users/aitanagonzalezcardenas/large-scale-distributed-systems/LAB1_LSDS/LSDS_lab1_u186651_u111792_u172499/lab1/target/test-classes:/Users/aitanagonzalezcardenas/large-scale-distributed-systems/LAB1_LSDS/LSDS_lab1_u186651_u111792_u172499/lab1/target/classes:/Users/aitanagonzalezcardenas/.m2/repository/com/amazonaws/aws-java-sdk-s3/1.12.400/aws-java-sdk-s3-1.12.400.jar:/Users/aitanagonzalezcardenas/.m2/repository/com/amazonaws/aws-java-sdk-kms/1.12.400/aws-java-sdk-kms-1.12.400.jar:/Users/aitanagonzalezcardenas/.m2/repository/com/amazonaws/aws-java-sdk-core/1.12.400/aws-java-sdk-core-1.12.400.jar:/Users/aitanagonzalezcardenas/.m2/repository/commons-logging/commons-logging/1.1.3/commons-logging-1.1.3.jar:/Users/aitanagonzalezcardenas/.m2/repository/commons-codec/commons-codec/1.15/commons-codec-1.15.jar:/Users/aitanagonzalezcardenas/.m2/repository/org/apache/httpcomponents/httpclient/4.5.13/httpclient-4.5.13.jar:/Users/aitanagonzalezcardenas/.m2/repository/org/apache/httpcomponents/httpcore/4.4.13/httpcore-4.4.13.jar:/Users/aitanagonzalezcardenas/.m2/repository/software/amazon/ion/ion-java/1.0.2/ion-java-1.0.2.jar:/Users/aitanagonzalezcardenas/.m2/repository/com/fasterxml/jackson/core/jackson-databind/2.12.7.1/jackson-databind-2.12.7.1.jar:/Users/aitanagonzalezcardenas/.m2/repository/com/fasterxml/jackson/core/jackson-annotations/2.12.7/jackson-annotations-2.12.7.jar:/Users/aitanagonzalezcardenas/.m2/repository/com/fasterxml/jackson/core/jackson-core/2.12.7/jackson-core-2.12.7.jar:/Users/aitanagonzalezcardenas/.m2/repository/com/fasterxml/jackson/dataformat/jackson-dataformat-cbor/2.12.6/jackson-dataformat-cbor-2.12.6.jar:/Users/aitanagonzalezcardenas/.m2/repository/joda-time/joda-time/2.8.1/joda-time-2.8.1.jar:/Users/aitanagonzalezcardenas/.m2/repository/com/amazonaws/jmespath-java/1.12.400/jmespath-java-1.12.400.jar:/Users/aitanagonzalezcardenas/.m2/repository/com/google/code/gson/gson/2.8.6/gson-2.8.6.jar:/Users/aitanagonzalezcardenas/.m2/repository/javax/xml/bind/jaxb-api/2.3.1/jaxb-api-2.3.1.jar:/Users/aitanagonzalezcardenas/.m2/repository/javax/activation/javax.activation-api/1.2.0/javax.activation-api-1.2.0.jar:/Users/aitanagonzalezcardenas/.m2/repository/junit/junit/4.11/junit-4.11.jar:/Users/aitanagonzalezcardenas/.m2/repository/org/hamcrest/hamcrest-core/1.3/hamcrest-core-1.3.jar:"/>
    <property name="java.vm.vendor" value="Homebrew"/>
    <property name="sun.arch.data.model" value="64"/>
    <property name="java.vendor.url" value="https://github.com/Homebrew/homebrew-core/issues"/>
    <property name="os.name" value="Mac OS X"/>
    <property name="java.vm.specification.version" value="21"/>
    <property name="sun.java.launcher" value="SUN_STANDARD"/>
    <property name="user.country" value="ES"/>
    <property name="sun.boot.library.path" value="/usr/local/Cellar/openjdk/21.0.1/libexec/openjdk.jdk/Contents/Home/lib"/>
    <property name="sun.java.command" value="/Users/aitanagonzalezcardenas/large-scale-distributed-systems/LAB1_LSDS/LSDS_lab1_u186651_u111792_u172499/lab1/target/surefire/surefirebooter15617144539049576973.jar /Users/aitanagonzalezcardenas/large-scale-distributed-systems/LAB1_LSDS/LSDS_lab1_u186651_u111792_u172499/lab1/target/surefire 2024-02-12T18-24-53_804-jvmRun1 surefire6328693529998456583tmp surefire_08857351712158343179tmp"/>
    <property name="jdk.debug" value="release"/>
    <property name="surefire.test.class.path" value="/Users/aitanagonzalezcardenas/large-scale-distributed-systems/LAB1_LSDS/LSDS_lab1_u186651_u111792_u172499/lab1/target/test-classes:/Users/aitanagonzalezcardenas/large-scale-distributed-systems/LAB1_LSDS/LSDS_lab1_u186651_u111792_u172499/lab1/target/classes:/Users/aitanagonzalezcardenas/.m2/repository/com/amazonaws/aws-java-sdk-s3/1.12.400/aws-java-sdk-s3-1.12.400.jar:/Users/aitanagonzalezcardenas/.m2/repository/com/amazonaws/aws-java-sdk-kms/1.12.400/aws-java-sdk-kms-1.12.400.jar:/Users/aitanagonzalezcardenas/.m2/repository/com/amazonaws/aws-java-sdk-core/1.12.400/aws-java-sdk-core-1.12.400.jar:/Users/aitanagonzalezcardenas/.m2/repository/commons-logging/commons-logging/1.1.3/commons-logging-1.1.3.jar:/Users/aitanagonzalezcardenas/.m2/repository/commons-codec/commons-codec/1.15/commons-codec-1.15.jar:/Users/aitanagonzalezcardenas/.m2/repository/org/apache/httpcomponents/httpclient/4.5.13/httpclient-4.5.13.jar:/Users/aitanagonzalezcardenas/.m2/repository/org/apache/httpcomponents/httpcore/4.4.13/httpcore-4.4.13.jar:/Users/aitanagonzalezcardenas/.m2/repository/software/amazon/ion/ion-java/1.0.2/ion-java-1.0.2.jar:/Users/aitanagonzalezcardenas/.m2/repository/com/fasterxml/jackson/core/jackson-databind/2.12.7.1/jackson-databind-2.12.7.1.jar:/Users/aitanagonzalezcardenas/.m2/repository/com/fasterxml/jackson/core/jackson-annotations/2.12.7/jackson-annotations-2.12.7.jar:/Users/aitanagonzalezcardenas/.m2/repository/com/fasterxml/jackson/core/jackson-core/2.12.7/jackson-core-2.12.7.jar:/Users/aitanagonzalezcardenas/.m2/repository/com/fasterxml/jackson/dataformat/jackson-dataformat-cbor/2.12.6/jackson-dataformat-cbor-2.12.6.jar:/Users/aitanagonzalezcardenas/.m2/repository/joda-time/joda-time/2.8.1/joda-time-2.8.1.jar:/Users/aitanagonzalezcardenas/.m2/repository/com/amazonaws/jmespath-java/1.12.400/jmespath-java-1.12.400.jar:/Users/aitanagonzalezcardenas/.m2/repository/com/google/code/gson/gson/2.8.6/gson-2.8.6.jar:/Users/aitanagonzalezcardenas/.m2/repository/javax/xml/bind/jaxb-api/2.3.1/jaxb-api-2.3.1.jar:/Users/aitanagonzalezcardenas/.m2/repository/javax/activation/javax.activation-api/1.2.0/javax.activation-api-1.2.0.jar:/Users/aitanagonzalezcardenas/.m2/repository/junit/junit/4.11/junit-4.11.jar:/Users/aitanagonzalezcardenas/.m2/repository/org/hamcrest/hamcrest-core/1.3/hamcrest-core-1.3.jar:"/>
    <property name="sun.cpu.endian" value="little"/>
    <property name="user.home" value="/Users/aitanagonzalezcardenas"/>
    <property name="user.language" value="ca"/>
    <property name="java.specification.vendor" value="Oracle Corporation"/>
    <property name="java.version.date" value="2023-10-17"/>
    <property name="java.home" value="/usr/local/Cellar/openjdk/21.0.1/libexec/openjdk.jdk/Contents/Home"/>
    <property name="file.separator" value="/"/>
    <property name="basedir" value="/Users/aitanagonzalezcardenas/large-scale-distributed-systems/LAB1_LSDS/LSDS_lab1_u186651_u111792_u172499/lab1"/>
    <property name="java.vm.compressedOopsMode" value="Zero based"/>
    <property name="line.separator" value="&#10;"/>
    <property name="java.specification.name" value="Java Platform API Specification"/>
    <property name="java.vm.specification.vendor" value="Oracle Corporation"/>
    <property name="apple.awt.application.name" value="ForkedBooter"/>
    <property name="surefire.real.class.path" value="/Users/aitanagonzalezcardenas/large-scale-distributed-systems/LAB1_LSDS/LSDS_lab1_u186651_u111792_u172499/lab1/target/surefire/surefirebooter15617144539049576973.jar"/>
    <property name="sun.management.compiler" value="HotSpot 64-Bit Tiered Compilers"/>
    <property name="java.runtime.version" value="21.0.1"/>
    <property name="user.name" value="aitanagonzalezcardenas"/>
    <property name="stdout.encoding" value="UTF-8"/>
    <property name="path.separator" value=":"/>
    <property name="os.version" value="14.2.1"/>
    <property name="java.runtime.name" value="OpenJDK Runtime Environment"/>
    <property name="file.encoding" value="UTF-8"/>
    <property name="java.vm.name" value="OpenJDK 64-Bit Server VM"/>
    <property name="java.vendor.version" value="Homebrew"/>
    <property name="localRepository" value="/Users/aitanagonzalezcardenas/.m2/repository"/>
    <property name="java.vendor.url.bug" value="https://github.com/Homebrew/homebrew-core/issues"/>
    <property name="java.io.tmpdir" value="/var/folders/vy/b698sjbd1gg8h5w1n2lhlnx80000gn/T/"/>
    <property name="java.version" value="21.0.1"/>
    <property name="user.dir" value="/Users/aitanagonzalezcardenas/large-scale-distributed-systems/LAB1_LSDS/LSDS_lab1_u186651_u111792_u172499/lab1"/>
    <property name="os.arch" value="x86_64"/>
    <property name="java.vm.specification.name" value="Java Virtual Machine Specification"/>
    <property name="native.encoding" value="UTF-8"/>
    <property name="java.library.path" value="/Users/aitanagonzalezcardenas/Library/Java/Extensions:/Library/Java/Extensions:/Network/Library/Java/Extensions:/System/Library/Java/Extensions:/usr/lib/java:."/>
    <property name="java.vm.info" value="mixed mode, sharing"/>
    <property name="stderr.encoding" value="UTF-8"/>
    <property name="java.vendor" value="Homebrew"/>
    <property name="java.vm.version" value="21.0.1"/>
    <property name="sun.io.unicode.encoding" value="UnicodeBig"/>
    <property name="java.class.version" value="65.0"/>
  </properties>
  <testcase name="shouldAnswerWithTrue" classname="edu.upf.TwitterFilterTest" time="0.004"/>
</testsuite>